Using pre-set license
Built from '2020.2/release' branch; Version is '2020.2.1f1 (270dd8c3da1c) revision 2559448'; Using compiler version '192528614'; Build Type 'Release'
OS: 'Windows 10  (10.0.0) 64bit' Language: 'en' Physical Memory: 16321 MB
BatchMode: 1, IsHumanControllingUs: 0, StartBugReporterOnCrash: 0, Is64bit: 1, IsPro: 0

 COMMAND LINE ARGUMENTS:
H:\Unity\Editor\Unity.exe
-adb2
-batchMode
-noUpm
-name
AssetImportWorker0
-projectPath
H:/Samin/Tribute to Chiefs
-logFile
Logs/AssetImportWorker0.log
-srvPort
8773
Successfully changed project path to: H:/Samin/Tribute to Chiefs
H:/Samin/Tribute to Chiefs
Using Asset Import Pipeline V2.
Refreshing native plugins compatible for Editor in 31.25 ms, found 0 plugins.
Preloading 0 native plugins for Editor in 0.00 ms.
Initialize engine version: 2020.2.1f1 (270dd8c3da1c)
[Subsystems] Discovering subsystems at path H:/Unity/Editor/Data/Resources/UnitySubsystems
[Subsystems] Discovering subsystems at path H:/Samin/Tribute to Chiefs/Assets
GfxDevice: creating device client; threaded=0
Direct3D:
    Version:  Direct3D 11.0 [level 11.1]
    Renderer: NVIDIA GeForce GTX 1070 (ID=0x1b81)
    Vendor:   
    VRAM:     8092 MB
    Driver:   24.21.13.9924
Initialize mono
Mono path[0] = 'H:/Unity/Editor/Data/Managed'
Mono path[1] = 'H:/Unity/Editor/Data/MonoBleedingEdge/lib/mono/unityjit'
Mono config path = 'H:/Unity/Editor/Data/MonoBleedingEdge/etc'
Using monoOptions --debugger-agent=transport=dt_socket,embedding=1,server=y,suspend=n,address=127.0.0.1:56432
Begin MonoManager ReloadAssembly
Registering precompiled unity dll's ...
Register platform support module: H:/Unity/Editor/Data/PlaybackEngines/WindowsStandaloneSupport/UnityEditor.WindowsStandalone.Extensions.dll
Registered in 0.000828 seconds.
Native extension for WindowsStandalone target not found
Refreshing native plugins compatible for Editor in 29.13 ms, found 0 plugins.
Preloading 0 native plugins for Editor in 0.00 ms.
Invoked RoslynAnalysisRunner static constructor.
RoslynAnalysisRunner will not be running.
RoslynAnalysisRunner has terminated.
Mono: successfully reloaded assembly
- Completed reload, in  1.017 seconds
Platform modules already initialized, skipping
Registering precompiled user dll's ...
Registered in 0.002212 seconds.
Begin MonoManager ReloadAssembly
Native extension for WindowsStandalone target not found
Refreshing native plugins compatible for Editor in 0.40 ms, found 0 plugins.
Preloading 0 native plugins for Editor in 0.00 ms.
Invoked RoslynAnalysisRunner static constructor.
RoslynAnalysisRunner will not be running.
RoslynAnalysisRunner has terminated.
Mono: successfully reloaded assembly
- Completed reload, in  0.806 seconds
Platform modules already initialized, skipping
========================================================================
Worker process is ready to serve import requests
Launched and connected shader compiler UnityShaderCompiler.exe after 0.03 seconds
Refreshing native plugins compatible for Editor in 0.40 ms, found 0 plugins.
Preloading 0 native plugins for Editor in 0.00 ms.
Unloading 1374 Unused Serialized files (Serialized files now loaded: 0)
System memory in use before: 63.4 MB.
System memory in use after: 63.5 MB.

Unloading 35 unused Assets to reduce memory usage. Loaded Objects now: 1805.
Total: 2.545776 ms (FindLiveObjects: 0.287289 ms CreateObjectMapping: 0.193991 ms MarkObjects: 1.957545 ms  DeleteObjects: 0.105813 ms)

========================================================================
Received Import Request.
  path: Assets/TributeToChiefs/_3rdParty/Demigiant
  artifactKey: Guid(b38521ee634321c46910b7bc6aec9195) Importer(815301076,1909f56bfc062723c751e8b465ee728b)
Start importing Assets/TributeToChiefs/_3rdParty/Demigiant using Guid(b38521ee634321c46910b7bc6aec9195) Importer(815301076,1909f56bfc062723c751e8b465ee728b)  -> (artifact id: '9ccc38f7c9183b0c999a6dae6c40b26a') in 0.020653 seconds
  Import took 0.023088 seconds .

========================================================================
Received Import Request.
  Time since last request: 0.000216 seconds.
  path: Assets/TributeToChiefs/_3rdParty/Demigiant/DOTween
  artifactKey: Guid(b1ee6183fcceb8a4f9a22ded8559e3be) Importer(815301076,1909f56bfc062723c751e8b465ee728b)
Start importing Assets/TributeToChiefs/_3rdParty/Demigiant/DOTween using Guid(b1ee6183fcceb8a4f9a22ded8559e3be) Importer(815301076,1909f56bfc062723c751e8b465ee728b)  -> (artifact id: '2cedce05e638a3f0b0130ee6e9a7dfe5') in 0.006104 seconds
  Import took 0.009229 seconds .

========================================================================
Received Import Request.
  Time since last request: 1308.476488 seconds.
  path: Assets/TributeToChiefs/_Prefabs
  artifactKey: Guid(7b16f8b2c8713a049ae9a5696dec42b5) Importer(815301076,1909f56bfc062723c751e8b465ee728b)
Start importing Assets/TributeToChiefs/_Prefabs using Guid(7b16f8b2c8713a049ae9a5696dec42b5) Importer(815301076,1909f56bfc062723c751e8b465ee728b)  -> (artifact id: 'bc11c7ebc45beae79d7710762f94474d') in 0.007007 seconds
  Import took 0.010016 seconds .

========================================================================
Received Import Request.
  Time since last request: 0.000800 seconds.
  path: Assets/TributeToChiefs/_Prefabs
  artifactKey: Guid(7b16f8b2c8713a049ae9a5696dec42b5) Importer(815301076,1909f56bfc062723c751e8b465ee728b)
Start importing Assets/TributeToChiefs/_Prefabs using Guid(7b16f8b2c8713a049ae9a5696dec42b5) Importer(815301076,1909f56bfc062723c751e8b465ee728b)  -> (artifact id: 'bc11c7ebc45beae79d7710762f94474d') in 0.002112 seconds
  Import took 0.004358 seconds .

========================================================================
Received Import Request.
  Time since last request: 6.764713 seconds.
  path: Assets/TributeToChiefs/_Scenes/SlideShow.unity
  artifactKey: Guid(9fc0d4010bbf28b4594072e72b8655ab) Importer(815301076,1909f56bfc062723c751e8b465ee728b)
Start importing Assets/TributeToChiefs/_Scenes/SlideShow.unity using Guid(9fc0d4010bbf28b4594072e72b8655ab) Importer(815301076,1909f56bfc062723c751e8b465ee728b)  -> (artifact id: 'fdef6ca3e50f69bac1667b41ccdec974') in 0.015329 seconds
  Import took 0.030736 seconds .

========================================================================
Received Import Request.
  Time since last request: 38.373531 seconds.
  path: Assets/TributeToChiefs/_Prefabs/LoopScrollrect.prefab
  artifactKey: Guid(8c916eca41bdaae418fa9eec718eb6f3) Importer(815301076,1909f56bfc062723c751e8b465ee728b)
Start importing Assets/TributeToChiefs/_Prefabs/LoopScrollrect.prefab using Guid(8c916eca41bdaae418fa9eec718eb6f3) Importer(815301076,1909f56bfc062723c751e8b465ee728b)  -> (artifact id: '20d83e07a06a7f11f07f2b69287ce8fa') in 0.055011 seconds
  Import took 0.057682 seconds .

========================================================================
Received Import Request.
  Time since last request: 4.156406 seconds.
  path: Assets/TributeToChiefs/_Scenes/Reshad-Scene.unity
  artifactKey: Guid(237422cfe4411e64b8b41c1bd4dea742) Importer(815301076,1909f56bfc062723c751e8b465ee728b)
Start importing Assets/TributeToChiefs/_Scenes/Reshad-Scene.unity using Guid(237422cfe4411e64b8b41c1bd4dea742) Importer(815301076,1909f56bfc062723c751e8b465ee728b)  -> (artifact id: '249f159f77584d8dc3303e6fa0b2bcfb') in 0.007958 seconds
  Import took 0.010736 seconds .

========================================================================
Received Import Request.
  Time since last request: 0.000615 seconds.
  path: Assets/TributeToChiefs/_Scenes/Reshad-Scene.unity
  artifactKey: Guid(237422cfe4411e64b8b41c1bd4dea742) Importer(815301076,1909f56bfc062723c751e8b465ee728b)
Start importing Assets/TributeToChiefs/_Scenes/Reshad-Scene.unity using Guid(237422cfe4411e64b8b41c1bd4dea742) Importer(815301076,1909f56bfc062723c751e8b465ee728b)  -> (artifact id: '249f159f77584d8dc3303e6fa0b2bcfb') in 0.002464 seconds
  Import took 0.004939 seconds .

========================================================================
Received Import Request.
  Time since last request: 9465.870344 seconds.
  path: Assets/TributeToChiefs/_Scenes/SlideShow.unity
  artifactKey: Guid(9fc0d4010bbf28b4594072e72b8655ab) Importer(815301076,1909f56bfc062723c751e8b465ee728b)
Start importing Assets/TributeToChiefs/_Scenes/SlideShow.unity using Guid(9fc0d4010bbf28b4594072e72b8655ab) Importer(815301076,1909f56bfc062723c751e8b465ee728b)  -> (artifact id: '350f450f9a5a33077b4b2db4c5c8bf75') in 0.007658 seconds
  Import took 0.011261 seconds .

========================================================================
Received Import Request.
  Time since last request: 0.000639 seconds.
  path: Assets/TributeToChiefs/_Scenes/SlideShow.unity
  artifactKey: Guid(9fc0d4010bbf28b4594072e72b8655ab) Importer(815301076,1909f56bfc062723c751e8b465ee728b)
Start importing Assets/TributeToChiefs/_Scenes/SlideShow.unity using Guid(9fc0d4010bbf28b4594072e72b8655ab) Importer(815301076,1909f56bfc062723c751e8b465ee728b)  -> (artifact id: '350f450f9a5a33077b4b2db4c5c8bf75') in 0.002563 seconds
  Import took 0.004843 seconds .

========================================================================
Received Import Request.
  Time since last request: 0.960311 seconds.
  path: Assets/TributeToChiefs/_Scenes/SlideShowSettings.lighting
  artifactKey: Guid(a945cfb0a4c619243a4476bb8fe0cdbe) Importer(815301076,1909f56bfc062723c751e8b465ee728b)
Start importing Assets/TributeToChiefs/_Scenes/SlideShowSettings.lighting using Guid(a945cfb0a4c619243a4476bb8fe0cdbe) Importer(815301076,1909f56bfc062723c751e8b465ee728b)  -> (artifact id: '8c858ef7022fdc3ea4d8372e2cc17a7f') in 0.007464 seconds
  Import took 0.009824 seconds .

========================================================================
Received Import Request.
  Time since last request: 0.006401 seconds.
  path: Assets/TributeToChiefs/_Scenes/SlideShowSettings.lighting
  artifactKey: Guid(a945cfb0a4c619243a4476bb8fe0cdbe) Importer(815301076,1909f56bfc062723c751e8b465ee728b)
Start importing Assets/TributeToChiefs/_Scenes/SlideShowSettings.lighting using Guid(a945cfb0a4c619243a4476bb8fe0cdbe) Importer(815301076,1909f56bfc062723c751e8b465ee728b)  -> (artifact id: '8c858ef7022fdc3ea4d8372e2cc17a7f') in 0.002971 seconds
  Import took 0.005469 seconds .

========================================================================
Received Import Request.
  Time since last request: 1.474839 seconds.
  path: Assets/TributeToChiefs/_Scenes/Reshad-Scene.unity
  artifactKey: Guid(237422cfe4411e64b8b41c1bd4dea742) Importer(815301076,1909f56bfc062723c751e8b465ee728b)
Start importing Assets/TributeToChiefs/_Scenes/Reshad-Scene.unity using Guid(237422cfe4411e64b8b41c1bd4dea742) Importer(815301076,1909f56bfc062723c751e8b465ee728b)  -> (artifact id: 'ffb02b0bbfd820d1dab45405b3adc334') in 0.007164 seconds
  Import took 0.009823 seconds .

AssetImportWorkerClient::OnTransportError - code=2 error=End of file
